<?xml version="1.0" encoding="UTF-8"?>
<!-- Generated by org.testng.reporters.JUnitReportReporter -->
<testsuite hostname="DESKTOP-IGI84QU" failures="0" tests="1" name="Testcases.Tc_001_AccountRegistration" time="5.393" errors="0" timestamp="2023-03-15T20:12:24 IST" skipped="0">
  <testcase classname="Testcases.Tc_001_AccountRegistration" name="testcase_Account" time="5.393"/>
  <system-out/>
</testsuite> <!-- Testcases.Tc_001_AccountRegistration -->
